03/13/2020 13:22:32 - WARNING - __main__ -   Process rank: -1, device: cuda, n_gpu: 1, distributed training: False, 16-bits training: False
03/13/2020 13:22:33 - INFO - transformers.configuration_utils -   loading configuration file https://s3.amazonaws.com/models.huggingface.co/bert/roberta-base-config.json from cache at /home/zs1534/.cache/torch/transformers/e1a2a406b5a05063c31f4dfdee7608986ba7c6393f7f79db5e69dcd197208534.a7ab0e5de2d8321d6d6a15b199110f2c99be72976b7d151423cb8d8c261a13b6
03/13/2020 13:22:33 - INFO - transformers.configuration_utils -   Model config RobertaConfig {
  "_num_labels": 2,
  "architectures": [
    "RobertaForMaskedLM"
  ],
  "attention_probs_dropout_prob": 0.1,
  "bos_token_id": null,
  "do_sample": false,
  "early_stopping": false,
  "eos_token_ids": null,
  "finetuning_task": "boolq",
  "hidden_act": "gelu",
  "hidden_dropout_prob": 0.1,
  "hidden_size": 768,
  "id2label": {
    "0": "LABEL_0",
    "1": "LABEL_1"
  },
  "initializer_range": 0.02,
  "intermediate_size": 3072,
  "is_decoder": false,
  "is_encoder_decoder": false,
  "label2id": {
    "LABEL_0": 0,
    "LABEL_1": 1
  },
  "layer_norm_eps": 1e-05,
  "length_penalty": 1.0,
  "max_length": 20,
  "max_position_embeddings": 514,
  "min_length": 0,
  "model_type": "roberta",
  "no_repeat_ngram_size": 0,
  "num_attention_heads": 12,
  "num_beams": 1,
  "num_hidden_layers": 12,
  "num_return_sequences": 1,
  "output_attentions": false,
  "output_hidden_states": false,
  "output_past": true,
  "pad_token_id": null,
  "pruned_heads": {},
  "repetition_penalty": 1.0,
  "temperature": 1.0,
  "top_k": 50,
  "top_p": 1.0,
  "torchscript": false,
  "type_vocab_size": 1,
  "use_bfloat16": false,
  "vocab_size": 50265
}

03/13/2020 13:22:33 - INFO - transformers.tokenization_utils -   loading file https://s3.amazonaws.com/models.huggingface.co/bert/roberta-base-vocab.json from cache at /home/zs1534/.cache/torch/transformers/d0c5776499adc1ded22493fae699da0971c1ee4c2587111707a4d177d20257a2.ef00af9e673c7160b4d41cfda1f48c5f4cba57d5142754525572a846a1ab1b9b
03/13/2020 13:22:33 - INFO - transformers.tokenization_utils -   loading file https://s3.amazonaws.com/models.huggingface.co/bert/roberta-base-merges.txt from cache at /home/zs1534/.cache/torch/transformers/b35e7cd126cd4229a746b5d5c29a749e8e84438b14bcdb575950584fe33207e8.70bec105b4158ed9a1747fea67a43f5dee97855c64d62b6ec3742f4cfdb5feda
03/13/2020 13:22:33 - INFO - transformers.modeling_utils -   loading weights file https://s3.amazonaws.com/models.huggingface.co/bert/roberta-base-pytorch_model.bin from cache at /home/zs1534/.cache/torch/transformers/228756ed15b6d200d7cb45aaef08c087e2706f54cb912863d2efe07c89584eb7.49b88ba7ec2c26a7558dda98ca3884c3b80fa31cf43a1b1f23aef3ff81ba344e
03/13/2020 13:22:37 - INFO - transformers.modeling_utils -   Weights of RobertaForSequenceClassification not initialized from pretrained model: ['classifier.dense.weight', 'classifier.dense.bias', 'classifier.out_proj.weight', 'classifier.out_proj.bias']
03/13/2020 13:22:37 - INFO - transformers.modeling_utils -   Weights from pretrained model not used in RobertaForSequenceClassification: ['lm_head.bias', 'lm_head.dense.weight', 'lm_head.dense.bias', 'lm_head.layer_norm.weight', 'lm_head.layer_norm.bias', 'lm_head.decoder.weight']
03/13/2020 13:22:41 - INFO - __main__ -   Training/evaluation parameters Namespace(adam_epsilon=1e-08, cache_dir='', config_name='', data_dir='/scratch/zs1534/nlu/BoolQ', device=device(type='cuda'), do_eval=True, do_lower_case=False, do_train=True, eval_all_checkpoints=False, evaluate_during_training=False, fp16=False, fp16_opt_level='O1', gradient_accumulation_steps=1, learning_rate=2e-05, local_rank=-1, logging_steps=500, max_grad_norm=1.0, max_seq_length=128, max_steps=-1, model_name_or_path='roberta-base', model_type='roberta', n_gpu=1, no_cuda=False, num_train_epochs=3.0, output_dir='/scratch/zs1534/nlu/BoolQ_run/', output_mode='classificaton', overwrite_cache=False, overwrite_output_dir=True, per_gpu_eval_batch_size=8, per_gpu_train_batch_size=8, save_steps=500, seed=42, server_ip='', server_port='', task_name='boolq', tokenizer_name='', warmup_steps=0, weight_decay=0.0)
03/13/2020 13:22:42 - INFO - __main__ -   Creating features from dataset file at /scratch/zs1534/nlu/BoolQ
03/13/2020 13:22:42 - INFO - transformers.data.processors.glue -   Writing example 0/9426
Traceback (most recent call last):
  File "./examples/run_glue.py", line 701, in <module>
    main()
  File "./examples/run_glue.py", line 649, in main
    train_dataset = load_and_cache_examples(args, args.task_name, tokenizer, evaluate=False)
  File "./examples/run_glue.py", line 403, in load_and_cache_examples
    pad_token_segment_id=4 if args.model_type in ["xlnet"] else 0,
  File "/scratch/zs1534/nlu/code/transformers/src/transformers/data/processors/glue.py", line 125, in glue_convert_examples_to_features
    raise KeyError(output_mode)
KeyError: 'classificaton'
